
> web@0.1.0 build
> next build

   ▲ Next.js 15.1.0
   - Environments: .env

   Creating an optimized production build ...
 ✓ Compiled successfully
   Skipping validation of types
   Skipping linting
   Collecting page data ...
   Generating static pages (0/12) ...
   Generating static pages (3/12) 
   Generating static pages (6/12) 
   Generating static pages (9/12) 
 ✓ Generating static pages (12/12)
   Finalizing page optimization ...
   Collecting build traces ...

Route (app)                              Size     First Load JS
┌ ○ /                                    174 B           109 kB
├ ○ /_not-found                          155 B           105 kB
├ ƒ /api/auth/[...nextauth]              155 B           105 kB
├ ƒ /api/modules/authority-image         155 B           105 kB
├ ƒ /api/modules/shorts-generator        155 B           105 kB
├ ƒ /api/modules/url-scan                155 B           105 kB
├ ƒ /api/webhooks/paddle                 155 B           105 kB
├ ○ /auth/login                          2.91 kB         108 kB
├ ƒ /dashboard                           155 B           105 kB
├ ƒ /dashboard/generate                  773 B           106 kB
├ ƒ /dashboard/integrations              155 B           105 kB
└ ƒ /dashboard/modules                   1.16 kB         106 kB
+ First Load JS shared by all            105 kB
  ├ chunks/855-91c9a4d4af05b61e.js       50.5 kB
  ├ chunks/87c73c54-546c5d4e935239f9.js  52.9 kB
  └ other shared chunks (total)          1.88 kB


ƒ Middleware                             82.8 kB

○  (Static)   prerendered as static content
ƒ  (Dynamic)  server-rendered on demand

